<?xml version="1.0" encoding="UTF-8"?>
<testng-results skipped="0" failed="0" total="2" passed="2">
  <reporter-output>
  </reporter-output>
  <suite name="Default suite" duration-ms="1602" started-at="2018-02-16T14:28:08Z" finished-at="2018-02-16T14:28:10Z">
    <groups>
    </groups>
    <test name="Default test" duration-ms="1602" started-at="2018-02-16T14:28:08Z" finished-at="2018-02-16T14:28:10Z">
      <class name="com.Tech.verify.Scenario2">
        <test-method status="PASS" signature="positiveScenario()[pri:0, instance:com.Tech.verify.Scenario2@5afa04c]" name="positiveScenario" duration-ms="1464" started-at="2018-02-16T08:28:08Z" finished-at="2018-02-16T08:28:10Z">
          <reporter-output>
          </reporter-output>
        </test-method> <!-- positiveScenario -->
        <test-method status="PASS" signature="negativeSceanrio()[pri:0, instance:com.Tech.verify.Scenario2@5afa04c]" name="negativeSceanrio" duration-ms="120" started-at="2018-02-16T08:28:10Z" finished-at="2018-02-16T08:28:10Z">
          <reporter-output>
          </reporter-output>
        </test-method> <!-- negativeSceanrio -->
      </class> <!-- com.Tech.verify.Scenario2 -->
    </test> <!-- Default test -->
  </suite> <!-- Default suite -->
</testng-results>
